<?xml version="1.0" encoding="utf-8"?><testsuites name="pytest tests"><testsuite name="pytest" errors="0" failures="0" skipped="0" tests="73" time="16.401" timestamp="2026-09-04T16:51:37.322352-07:00" hostname="DESKTOP-CJETT24"><testcase classname="tests.test_training_contracts" name="test_cover_logs_do_not_substitute_complement_for_delivered_context" time="2.497" /><testcase classname="tests.test_training_contracts" name="test_joint_context_loss_rows_preserve_image_context_target_order" time="0.004" /><testcase classname="tests.test_training_contracts" name="test_predictor_image_context_target_sentinel_order" time="0.014" /><testcase classname="tests.test_training_contracts" name="test_masked_online_does_not_observe_hidden_pixels" time="0.052" /><testcase classname="tests.test_training_contracts" name="test_positional_axes_and_teacher_normalization" time="0.022" /><testcase classname="tests.test_training_contracts" name="test_partial_accumulation_matches_actual_batch" time="0.005" /><testcase classname="tests.test_training_contracts" name="test_historical_closure_reproduces_partial_window_underweight" time="0.051" /><testcase classname="tests.test_training_contracts" name="test_skip_step_gates_schedule_and_ema[False]" time="0.002" /><testcase classname="tests.test_training_contracts" name="test_skip_step_gates_schedule_and_ema[True]" time="0.002" /><testcase classname="tests.test_training_contracts" name="test_real_gradscaler_overflow_reports_skipped_update" time="0.001" /><testcase classname="tests.test_training_contracts" name="test_historical_schedule_block_advances_without_optimizer_update" time="0.050" /><testcase classname="tests.test_training_contracts" name="test_checkpoint_recovers_rng_schedules_and_selection_state" time="0.059" /><testcase classname="tests.test_training_contracts" name="test_resume_reproduces_next_optimizer_update" time="0.028" /><testcase classname="tests.test_training_contracts" name="test_new_checkpoint_exact_rejects_mismatch_but_explicit_fork_retains_weights_optimizer" time="0.028" /><testcase classname="tests.test_training_contracts" name="test_epoch_boundary_loader_replay_nonpersistent_workers[0]" time="0.008" /><testcase classname="tests.test_training_contracts" name="test_epoch_boundary_loader_replay_nonpersistent_workers[2]" time="5.408" /><testcase classname="tests.test_training_contracts" name="test_production_loop_epoch_resume_matches_uninterrupted[False]" time="0.765" /><testcase classname="tests.test_training_contracts" name="test_production_loop_epoch_resume_matches_uninterrupted[True]" time="0.795" /><testcase classname="tests.test_eval_identity" name="test_complete_checkpoint_digest_not_shared_prefix" time="0.032" /><testcase classname="tests.test_eval_identity" name="test_cache_provenance_and_legacy_are_explicit" time="0.002" /><testcase classname="tests.test_eval_identity" name="test_prediction_order_and_manifest_are_exported" time="0.009" /><testcase classname="tests.test_eval_identity" name="test_real_tiny_feature_cache_roundtrip_and_precision" time="0.144" /><testcase classname="tests.test_pred_target_k" name="test_resample_returns_exactly_k" time="0.002" /><testcase classname="tests.test_pred_target_k" name="test_resample_is_identity_when_already_k" time="0.001" /><testcase classname="tests.test_pred_target_k" name="test_resample_subsamples_without_replacement_when_larger" time="0.001" /><testcase classname="tests.test_pred_target_k" name="test_resample_keeps_every_original_index_when_smaller" time="0.001" /><testcase classname="tests.test_pred_target_k" name="test_resample_only_emits_real_indices" time="0.001" /><testcase classname="tests.test_pred_target_k" name="test_resample_output_is_sorted" time="0.001" /><testcase classname="tests.test_pred_target_k" name="test_resample_is_reproducible_with_generator" time="0.001" /><testcase classname="tests.test_pred_target_k" name="test_resample_rejects_empty_target" time="0.001" /><testcase classname="tests.test_pred_target_k" name="test_resampled_indices_are_gatherable" time="0.001" /><testcase classname="tests.test_pred_target_k" name="test_default_is_unchanged_min_truncate" time="0.001" /><testcase classname="tests.test_pred_target_k" name="test_fixed_k_gives_every_group_exactly_k" time="0.002" /><testcase classname="tests.test_pred_target_k" name="test_fixed_k_does_not_change_the_context_mask" time="0.005" /><testcase classname="tests.test_pred_target_k" name="test_fixed_k_retains_far_more_target_area_when_targets_are_ragged" time="0.002" /><testcase classname="tests.test_pred_target_k" name="test_fixed_k_on_rectangles_is_exactly_k" time="0.004" /><testcase classname="tests.test_pred_target_k" name="test_fixed_k_indices_stay_in_range" time="0.002" /><testcase classname="tests.test_mirage_anatomy_mode" name="test_shrink_keeps_k_and_stays_connected" time="0.001" /><testcase classname="tests.test_mirage_anatomy_mode" name="test_shrink_is_noop_when_already_small" time="0.001" /><testcase classname="tests.test_mirage_anatomy_mode" name="test_shrink_prefers_high_score_cells" time="0.001" /><testcase classname="tests.test_mirage_anatomy_mode" name="test_mirage_anatomy_refuses_without_pred_target_k" time="0.001" /><testcase classname="tests.test_mirage_anatomy_mode" name="test_other_modes_still_allow_none" time="0.001" /><testcase classname="tests.test_mirage_anatomy_mode" name="test_emits_four_connected_targets_of_exactly_k" time="0.218" /><testcase classname="tests.test_mirage_anatomy_mode" name="test_targets_land_on_anatomy" time="0.436" /><testcase classname="tests.test_mirage_anatomy_mode" name="test_context_excludes_the_full_union" time="0.258" /><testcase classname="tests.test_mirage_anatomy_mode" name="test_ramp_off_falls_back_to_rectangles" time="0.008" /><testcase classname="tests.test_mirage_anatomy_mode" name="test_invalid_guide_falls_back_without_raising" time="0.004" /><testcase classname="tests.test_mirage_anatomy_mode" name="test_indices_are_valid_and_stats_populated" time="0.219" /><testcase classname="tests.test_mirage_anatomy_mode" name="test_single_class_guide_matches_two_class_coverage" time="0.028" /><testcase classname="tests.test_mirage_anatomy_mode" name="test_n_components4_disagrees_with_the_box_rule_on_a_checkerboard" time="0.001" /><testcase classname="tests.test_mirage_anatomy_mode" name="test_bridge_closes_a_diagonal_chain" time="0.001" /><testcase classname="tests.test_mirage_anatomy_mode" name="test_bridge_is_a_noop_when_already_edge_connected" time="0.001" /><testcase classname="tests.test_mirage_anatomy_mode" name="test_bridge_stays_inside_the_grid_and_the_bounding_box" time="0.001" /><testcase classname="tests.test_mirage_anatomy_mode" name="test_bridge_prefers_the_higher_scoring_cell" time="0.001" /><testcase classname="tests.test_mirage_anatomy_mode" name="test_trim_reduces_to_k_and_keeps_edge_connectivity" time="0.002" /><testcase classname="tests.test_mirage_anatomy_mode" name="test_trim_drops_the_lowest_scoring_cell_first" time="0.001" /><testcase classname="tests.test_mirage_anatomy_mode" name="test_shrink_connected_keeps_the_exact_cell_count" time="0.041" /><testcase classname="tests.test_mirage_anatomy_mode" name="test_bridge_merges_the_most_components_not_the_highest_score" time="0.001" /><testcase classname="tests.test_mirage_anatomy_mode" name="test_bridge_respects_forbidden_cells" time="0.001" /><testcase classname="tests.test_mirage_anatomy_mode" name="test_bridge_handles_the_anti_diagonal" time="0.001" /><testcase classname="tests.test_mirage_anatomy_mode" name="test_make_connected_never_returns_a_fragmented_mask" time="0.001" /><testcase classname="tests.test_mirage_anatomy_mode" name="test_make_connected_is_deterministic" time="0.004" /><testcase classname="tests.test_mirage_anatomy_mode" name="test_generator_flag_defaults_off_for_checkpoint_compatibility" time="0.001" /><testcase classname="tests.test_mirage_anatomy_mode" name="test_generator_emits_edge_connected_targets_when_enabled" time="0.217" /><testcase classname="tests.test_mirage_anatomy_mode" name="test_bridging_does_not_change_the_hidden_budget" time="0.441" /><testcase classname="tests.test_mirage_anatomy_mode" name="test_collator_is_picklable_with_bridging_on" time="0.142" /><testcase classname="tests.test_mirage_config_wiring" name="test_train_patch_passes_occupancy_threshold" time="0.015" /><testcase classname="tests.test_mirage_config_wiring" name="test_train_patch_passes_dilate_patches" time="0.014" /><testcase classname="tests.test_mirage_config_wiring" name="test_guided_dataset_default_threshold_is_half" time="0.001" /><testcase classname="tests.test_mirage_config_wiring" name="test_placement_grid_is_monotone_in_threshold[0.25-0.5]" time="0.001" /><testcase classname="tests.test_mirage_config_wiring" name="test_placement_grid_is_monotone_in_threshold[0.1-0.75]" time="0.001" /><testcase classname="tests.test_mirage_config_wiring" name="test_placement_grid_is_monotone_in_threshold[0.25-1.0]" time="0.001" /><testcase classname="tests.test_mirage_config_wiring" name="test_shipped_config_matches_selected_policy" time="0.010" /></testsuite></testsuites>